2021-03-22 23:40:45,398 [main] DEBUG cloud.hofstetr.csgraph.view.ContentPanel - Creating main content panel
2021-03-22 23:40:45,404 [main] DEBUG cloud.hofstetr.csgraph.view.ContentPanel - Adding split pane to main content panel
2021-03-22 23:40:45,409 [main] DEBUG cloud.hofstetr.csgraph.view.ContentPanel - Finished creating main content panel
2021-03-22 23:40:45,430 [main] DEBUG cloud.hofstetr.csgraph.view.ContentPanel - Creating Tree panel
2021-03-22 23:40:45,513 [main] DEBUG cloud.hofstetr.csgraph.view.ContentPanel - Updating divider position
2021-03-22 23:40:45,513 [main] DEBUG cloud.hofstetr.csgraph.view.ContentPanel - Finished updating divider position
2021-03-22 23:40:45,513 [main] DEBUG cloud.hofstetr.csgraph.view.ContentPanel - Finished creating Tree panel
2021-03-22 23:40:50,418 [AWT-EventQueue-0] DEBUG cloud.hofstetr.csgraph.model.ContentStore - Connecting to Cognos at: http://localhost:9300/p2pd/servlet/dispatch
2021-03-22 23:40:50,773 [AWT-EventQueue-0] DEBUG cloud.hofstetr.csgraph.model.ContentStore - Authenticating to Cognos as cognos
2021-03-22 23:40:54,300 [AWT-EventQueue-0] INFO  cloud.hofstetr.csgraph.model.ContentStore - Failed to log on as cognos
2021-03-22 23:40:56,412 [AWT-EventQueue-0] DEBUG cloud.hofstetr.csgraph.model.ContentItem - java.net.ConnectException: Connection refused: connect
2021-03-22 23:40:58,476 [AWT-EventQueue-0] DEBUG cloud.hofstetr.csgraph.model.ContentItem - java.net.ConnectException: Connection refused: connect
2021-03-22 23:40:58,477 [AWT-EventQueue-0] DEBUG cloud.hofstetr.csgraph.model.ContentItem - Loading Team Content
2021-03-22 23:41:00,560 [AWT-EventQueue-0] DEBUG cloud.hofstetr.csgraph.model.ContentItem - java.net.ConnectException: Connection refused: connect
2021-03-22 23:41:00,561 [AWT-EventQueue-0] DEBUG cloud.hofstetr.csgraph.model.ContentItem - Finished loading Team Content
2021-03-22 23:41:00,561 [AWT-EventQueue-0] DEBUG cloud.hofstetr.csgraph.model.ContentItem - Loading Personal Content
2021-03-22 23:41:02,639 [AWT-EventQueue-0] DEBUG cloud.hofstetr.csgraph.model.ContentItem - java.net.ConnectException: Connection refused: connect
2021-03-22 23:41:02,639 [AWT-EventQueue-0] DEBUG cloud.hofstetr.csgraph.model.ContentItem - Finished loading Personal Content
2021-03-22 23:41:02,639 [AWT-EventQueue-0] DEBUG cloud.hofstetr.csgraph.model.ContentStore - Logging off
2021-03-22 23:41:04,687 [AWT-EventQueue-0] INFO  cloud.hofstetr.csgraph.model.ContentStore - Failed to log off of Cognos
2021-03-22 23:41:04,687 [AWT-EventQueue-0] DEBUG cloud.hofstetr.csgraph.view.ContentPanel - Creating Tree panel
2021-03-22 23:41:04,704 [AWT-EventQueue-0] DEBUG cloud.hofstetr.csgraph.view.ContentPanel - Updating divider position
2021-03-22 23:41:04,705 [AWT-EventQueue-0] DEBUG cloud.hofstetr.csgraph.view.ContentPanel - Finished updating divider position
2021-03-22 23:41:04,705 [AWT-EventQueue-0] DEBUG cloud.hofstetr.csgraph.view.ContentPanel - Finished creating Tree panel
